{"C:\\projetos\\conversu\\libraries\\commons\\src\\aes.ts": {"path":"C:\\projetos\\conversu\\libraries\\commons\\src\\aes.ts","statementMap":{"0":{"start":{"line":3,"column":0},"end":{"line":3,"column":16}},"1":{"start":{"line":16,"column":0},"end":{"line":16,"column":16}},"2":{"start":{"line":1,"column":17},"end":{"line":1,"column":37}},"3":{"start":{"line":5,"column":4},"end":{"line":7,"column":5}},"4":{"start":{"line":6,"column":8},"end":{"line":6,"column":52}},"5":{"start":{"line":9,"column":4},"end":{"line":11,"column":5}},"6":{"start":{"line":10,"column":8},"end":{"line":10,"column":62}},"7":{"start":{"line":13,"column":4},"end":{"line":13,"column":16}},"8":{"start":{"line":18,"column":4},"end":{"line":20,"column":5}},"9":{"start":{"line":19,"column":8},"end":{"line":19,"column":52}},"10":{"start":{"line":22,"column":4},"end":{"line":38,"column":5}},"11":{"start":{"line":23,"column":24},"end":{"line":23,"column":59}},"12":{"start":{"line":25,"column":8},"end":{"line":25,"column":null}},"13":{"start":{"line":27,"column":8},"end":{"line":30,"column":9}},"14":{"start":{"line":29,"column":12},"end":{"line":29,"column":24}},"15":{"start":{"line":32,"column":8},"end":{"line":35,"column":9}},"16":{"start":{"line":34,"column":12},"end":{"line":34,"column":47}},"17":{"start":{"line":37,"column":8},"end":{"line":37,"column":52}},"18":{"start":{"line":39,"column":4},"end":{"line":39,"column":16}}},"fnMap":{"0":{"name":"encrypt","decl":{"start":{"line":3,"column":16},"end":{"line":3,"column":23}},"loc":{"start":{"line":3,"column":71},"end":{"line":14,"column":1}}},"1":{"name":"decrypt","decl":{"start":{"line":16,"column":16},"end":{"line":16,"column":23}},"loc":{"start":{"line":16,"column":72},"end":{"line":40,"column":1}}}},"branchMap":{"0":{"loc":{"start":{"line":5,"column":4},"end":{"line":7,"column":5}},"type":"if","locations":[{"start":{"line":5,"column":4},"end":{"line":7,"column":5}}]},"1":{"loc":{"start":{"line":9,"column":4},"end":{"line":11,"column":5}},"type":"if","locations":[{"start":{"line":9,"column":4},"end":{"line":11,"column":5}}]},"2":{"loc":{"start":{"line":18,"column":4},"end":{"line":20,"column":5}},"type":"if","locations":[{"start":{"line":18,"column":4},"end":{"line":20,"column":5}}]},"3":{"loc":{"start":{"line":22,"column":4},"end":{"line":38,"column":5}},"type":"if","locations":[{"start":{"line":22,"column":4},"end":{"line":38,"column":5}}]},"4":{"loc":{"start":{"line":27,"column":8},"end":{"line":30,"column":9}},"type":"if","locations":[{"start":{"line":27,"column":8},"end":{"line":30,"column":9}}]},"5":{"loc":{"start":{"line":32,"column":8},"end":{"line":35,"column":9}},"type":"if","locations":[{"start":{"line":32,"column":8},"end":{"line":35,"column":9}}]},"6":{"loc":{"start":{"line":37,"column":15},"end":{"line":37,"column":51}},"type":"cond-expr","locations":[{"start":{"line":37,"column":22},"end":{"line":37,"column":24}},{"start":{"line":37,"column":15},"end":{"line":37,"column":51}}]},"7":{"loc":{"start":{"line":37,"column":15},"end":{"line":37,"column":24}},"type":"binary-expr","locations":[{"start":{"line":37,"column":15},"end":{"line":37,"column":24}},{"start":{"line":37,"column":15},"end":{"line":37,"column":24}}]}},"s":{"0":2,"1":2,"2":2,"3":7,"4":2,"5":5,"6":2,"7":3,"8":6,"9":2,"10":4,"11":3,"12":3,"13":3,"14":0,"15":3,"16":2,"17":1,"18":1},"f":{"0":7,"1":6},"b":{"0":[2],"1":[2],"2":[2],"3":[3],"4":[0],"5":[2],"6":[0,1],"7":[1,1]}}
,"C:\\projetos\\conversu\\libraries\\commons\\src\\api.ts": {"path":"C:\\projetos\\conversu\\libraries\\commons\\src\\api.ts","statementMap":{"0":{"start":{"line":8,"column":2},"end":{"line":8,"column":25}},"1":{"start":{"line":9,"column":2},"end":{"line":9,"column":25}},"2":{"start":{"line":10,"column":2},"end":{"line":10,"column":23}},"3":{"start":{"line":11,"column":2},"end":{"line":11,"column":24}},"4":{"start":{"line":15,"column":2},"end":{"line":15,"column":31}},"5":{"start":{"line":16,"column":2},"end":{"line":16,"column":14}},"6":{"start":{"line":20,"column":2},"end":{"line":20,"column":54}},"7":{"start":{"line":21,"column":2},"end":{"line":21,"column":14}},"8":{"start":{"line":25,"column":2},"end":{"line":25,"column":56}},"9":{"start":{"line":26,"column":2},"end":{"line":26,"column":14}},"10":{"start":{"line":31,"column":13},"end":{"line":31,"column":30}},"11":{"start":{"line":32,"column":2},"end":{"line":34,"column":3}},"12":{"start":{"line":33,"column":3},"end":{"line":33,"column":69}},"13":{"start":{"line":37,"column":22},"end":{"line":40,"column":13}},"14":{"start":{"line":38,"column":26},"end":{"line":38,"column":63}},"15":{"start":{"line":39,"column":26},"end":{"line":39,"column":91}},"16":{"start":{"line":42,"column":2},"end":{"line":42,"column":73}},"17":{"start":{"line":1,"column":0},"end":{"line":1,"column":13}},"18":{"start":{"line":46,"column":13},"end":{"line":48,"column":2}},"19":{"start":{"line":47,"column":32},"end":{"line":47,"column":63}}},"fnMap":{"0":{"name":"(anonymous_0)","decl":{"start":{"line":7,"column":1},"end":{"line":7,"column":13}},"loc":{"start":{"line":7,"column":33},"end":{"line":12,"column":2}}},"1":{"name":"(anonymous_1)","decl":{"start":{"line":14,"column":1},"end":{"line":14,"column":5}},"loc":{"start":{"line":14,"column":22},"end":{"line":17,"column":2}}},"2":{"name":"(anonymous_2)","decl":{"start":{"line":19,"column":1},"end":{"line":19,"column":7}},"loc":{"start":{"line":19,"column":57},"end":{"line":22,"column":2}}},"3":{"name":"(anonymous_3)","decl":{"start":{"line":24,"column":1},"end":{"line":24,"column":6}},"loc":{"start":{"line":24,"column":75},"end":{"line":27,"column":2}}},"4":{"name":"(anonymous_4)","decl":{"start":{"line":29,"column":1},"end":{"line":29,"column":6}},"loc":{"start":{"line":29,"column":6},"end":{"line":43,"column":2}}},"5":{"name":"(anonymous_5)","decl":{"start":{"line":38,"column":11},"end":{"line":38,"column":12}},"loc":{"start":{"line":38,"column":26},"end":{"line":38,"column":63}}},"6":{"name":"(anonymous_6)","decl":{"start":{"line":39,"column":8},"end":{"line":39,"column":9}},"loc":{"start":{"line":39,"column":26},"end":{"line":39,"column":91}}},"7":{"name":"(anonymous_7)","decl":{"start":{"line":47,"column":10},"end":{"line":47,"column":11}},"loc":{"start":{"line":47,"column":32},"end":{"line":47,"column":63}}}},"branchMap":{"0":{"loc":{"start":{"line":7,"column":13},"end":{"line":7,"column":33}},"type":"default-arg","locations":[{"start":{"line":7,"column":31},"end":{"line":7,"column":33}}]},"1":{"loc":{"start":{"line":38,"column":26},"end":{"line":38,"column":63}},"type":"binary-expr","locations":[{"start":{"line":38,"column":26},"end":{"line":38,"column":45}},{"start":{"line":38,"column":49},"end":{"line":38,"column":63}}]},"2":{"loc":{"start":{"line":42,"column":34},"end":{"line":42,"column":70}},"type":"cond-expr","locations":[{"start":{"line":42,"column":48},"end":{"line":42,"column":65}},{"start":{"line":42,"column":68},"end":{"line":42,"column":70}}]}},"s":{"0":8,"1":8,"2":8,"3":8,"4":4,"5":4,"6":3,"7":3,"8":3,"9":3,"10":3,"11":3,"12":2,"13":3,"14":4,"15":4,"16":3,"17":2,"18":2,"19":7},"f":{"0":8,"1":4,"2":3,"3":3,"4":3,"5":4,"6":4,"7":7},"b":{"0":[1],"1":[4,4],"2":[2,1]}}
,"C:\\projetos\\conversu\\libraries\\commons\\src\\format.ts": {"path":"C:\\projetos\\conversu\\libraries\\commons\\src\\format.ts","statementMap":{"0":{"start":{"line":10,"column":0},"end":{"line":10,"column":16}},"1":{"start":{"line":23,"column":0},"end":{"line":23,"column":16}},"2":{"start":{"line":50,"column":0},"end":{"line":50,"column":16}},"3":{"start":{"line":61,"column":0},"end":{"line":61,"column":16}},"4":{"start":{"line":72,"column":0},"end":{"line":72,"column":16}},"5":{"start":{"line":89,"column":0},"end":{"line":89,"column":16}},"6":{"start":{"line":118,"column":0},"end":{"line":118,"column":16}},"7":{"start":{"line":1,"column":0},"end":{"line":1,"column":69}},"8":{"start":{"line":11,"column":4},"end":{"line":13,"column":5}},"9":{"start":{"line":12,"column":8},"end":{"line":12,"column":64}},"10":{"start":{"line":14,"column":4},"end":{"line":16,"column":5}},"11":{"start":{"line":15,"column":8},"end":{"line":15,"column":84}},"12":{"start":{"line":17,"column":19},"end":{"line":17,"column":41}},"13":{"start":{"line":18,"column":4},"end":{"line":18,"column":45}},"14":{"start":{"line":24,"column":4},"end":{"line":27,"column":5}},"15":{"start":{"line":26,"column":8},"end":{"line":26,"column":27}},"16":{"start":{"line":29,"column":17},"end":{"line":29,"column":21}},"17":{"start":{"line":31,"column":18},"end":{"line":31,"column":24}},"18":{"start":{"line":33,"column":4},"end":{"line":45,"column":5}},"19":{"start":{"line":35,"column":12},"end":{"line":35,"column":29}},"20":{"start":{"line":36,"column":12},"end":{"line":36,"column":18}},"21":{"start":{"line":38,"column":12},"end":{"line":38,"column":38}},"22":{"start":{"line":39,"column":12},"end":{"line":39,"column":17}},"23":{"start":{"line":41,"column":12},"end":{"line":41,"column":47}},"24":{"start":{"line":42,"column":12},"end":{"line":42,"column":18}},"25":{"start":{"line":44,"column":12},"end":{"line":44,"column":18}},"26":{"start":{"line":47,"column":4},"end":{"line":47,"column":89}},"27":{"start":{"line":52,"column":23},"end":{"line":52,"column":47}},"28":{"start":{"line":53,"column":4},"end":{"line":55,"column":5}},"29":{"start":{"line":54,"column":8},"end":{"line":54,"column":184}},"30":{"start":{"line":57,"column":4},"end":{"line":57,"column":22}},"31":{"start":{"line":63,"column":23},"end":{"line":63,"column":47}},"32":{"start":{"line":64,"column":4},"end":{"line":66,"column":5}},"33":{"start":{"line":65,"column":8},"end":{"line":65,"column":157}},"34":{"start":{"line":68,"column":4},"end":{"line":68,"column":22}},"35":{"start":{"line":74,"column":17},"end":{"line":74,"column":45}},"36":{"start":{"line":76,"column":4},"end":{"line":79,"column":5}},"37":{"start":{"line":78,"column":8},"end":{"line":78,"column":27}},"38":{"start":{"line":81,"column":4},"end":{"line":84,"column":5}},"39":{"start":{"line":83,"column":8},"end":{"line":83,"column":28}},"40":{"start":{"line":86,"column":4},"end":{"line":86,"column":18}},"41":{"start":{"line":91,"column":21},"end":{"line":91,"column":45}},"42":{"start":{"line":93,"column":4},"end":{"line":96,"column":5}},"43":{"start":{"line":95,"column":8},"end":{"line":95,"column":20}},"44":{"start":{"line":98,"column":4},"end":{"line":101,"column":5}},"45":{"start":{"line":100,"column":8},"end":{"line":100,"column":null}},"46":{"start":{"line":103,"column":4},"end":{"line":103,"column":null}},"47":{"start":{"line":108,"column":21},"end":{"line":108,"column":47}},"48":{"start":{"line":110,"column":4},"end":{"line":113,"column":5}},"49":{"start":{"line":112,"column":8},"end":{"line":112,"column":20}},"50":{"start":{"line":114,"column":4},"end":{"line":114,"column":null}},"51":{"start":{"line":119,"column":4},"end":{"line":121,"column":5}},"52":{"start":{"line":120,"column":8},"end":{"line":120,"column":78}},"53":{"start":{"line":122,"column":4},"end":{"line":122,"column":17}},"54":{"start":{"line":127,"column":13},"end":{"line":133,"column":null}}},"fnMap":{"0":{"name":"roundToDecimals","decl":{"start":{"line":10,"column":16},"end":{"line":10,"column":31}},"loc":{"start":{"line":10,"column":61},"end":{"line":19,"column":1}}},"1":{"name":"fileSize","decl":{"start":{"line":23,"column":16},"end":{"line":23,"column":24}},"loc":{"start":{"line":23,"column":89},"end":{"line":48,"column":1}}},"2":{"name":"Cnpj","decl":{"start":{"line":50,"column":16},"end":{"line":50,"column":20}},"loc":{"start":{"line":50,"column":34},"end":{"line":58,"column":1}}},"3":{"name":"Cpf","decl":{"start":{"line":61,"column":16},"end":{"line":61,"column":19}},"loc":{"start":{"line":61,"column":33},"end":{"line":69,"column":1}}},"4":{"name":"Document","decl":{"start":{"line":72,"column":16},"end":{"line":72,"column":24}},"loc":{"start":{"line":72,"column":38},"end":{"line":87,"column":1}}},"5":{"name":"Phone","decl":{"start":{"line":89,"column":16},"end":{"line":89,"column":21}},"loc":{"start":{"line":89,"column":35},"end":{"line":104,"column":1}}},"6":{"name":"ZipCode","decl":{"start":{"line":106,"column":9},"end":{"line":106,"column":16}},"loc":{"start":{"line":106,"column":30},"end":{"line":115,"column":1}}},"7":{"name":"Plate","decl":{"start":{"line":118,"column":16},"end":{"line":118,"column":21}},"loc":{"start":{"line":118,"column":35},"end":{"line":123,"column":1}}}},"branchMap":{"0":{"loc":{"start":{"line":11,"column":4},"end":{"line":13,"column":5}},"type":"if","locations":[{"start":{"line":11,"column":4},"end":{"line":13,"column":5}}]},"1":{"loc":{"start":{"line":11,"column":8},"end":{"line":11,"column":63}},"type":"binary-expr","locations":[{"start":{"line":11,"column":8},"end":{"line":11,"column":31}},{"start":{"line":11,"column":35},"end":{"line":11,"column":63}}]},"2":{"loc":{"start":{"line":14,"column":4},"end":{"line":16,"column":5}},"type":"if","locations":[{"start":{"line":14,"column":4},"end":{"line":16,"column":5}}]},"3":{"loc":{"start":{"line":24,"column":4},"end":{"line":27,"column":5}},"type":"if","locations":[{"start":{"line":24,"column":4},"end":{"line":27,"column":5}}]},"4":{"loc":{"start":{"line":24,"column":8},"end":{"line":24,"column":27}},"type":"binary-expr","locations":[{"start":{"line":24,"column":8},"end":{"line":24,"column":13}},{"start":{"line":24,"column":17},"end":{"line":24,"column":27}}]},"5":{"loc":{"start":{"line":33,"column":4},"end":{"line":45,"column":5}},"type":"switch","locations":[{"start":{"line":34,"column":8},"end":{"line":36,"column":18}},{"start":{"line":37,"column":8},"end":{"line":39,"column":17}},{"start":{"line":40,"column":8},"end":{"line":42,"column":18}},{"start":{"line":43,"column":8},"end":{"line":44,"column":18}}]},"6":{"loc":{"start":{"line":47,"column":46},"end":{"line":47,"column":59}},"type":"cond-expr","locations":[{"start":{"line":47,"column":46},"end":{"line":47,"column":54}},{"start":{"line":47,"column":58},"end":{"line":47,"column":59}}]},"7":{"loc":{"start":{"line":47,"column":46},"end":{"line":47,"column":58}},"type":"binary-expr","locations":[{"start":{"line":47,"column":46},"end":{"line":47,"column":58}},{"start":{"line":47,"column":46},"end":{"line":47,"column":58}}]},"8":{"loc":{"start":{"line":53,"column":4},"end":{"line":55,"column":5}},"type":"if","locations":[{"start":{"line":53,"column":4},"end":{"line":55,"column":5}}]},"9":{"loc":{"start":{"line":53,"column":8},"end":{"line":53,"column":48}},"type":"binary-expr","locations":[{"start":{"line":53,"column":8},"end":{"line":53,"column":20}},{"start":{"line":53,"column":24},"end":{"line":53,"column":48}}]},"10":{"loc":{"start":{"line":64,"column":4},"end":{"line":66,"column":5}},"type":"if","locations":[{"start":{"line":64,"column":4},"end":{"line":66,"column":5}}]},"11":{"loc":{"start":{"line":64,"column":8},"end":{"line":64,"column":48}},"type":"binary-expr","locations":[{"start":{"line":64,"column":8},"end":{"line":64,"column":20}},{"start":{"line":64,"column":24},"end":{"line":64,"column":48}}]},"12":{"loc":{"start":{"line":76,"column":4},"end":{"line":79,"column":5}},"type":"if","locations":[{"start":{"line":76,"column":4},"end":{"line":79,"column":5}}]},"13":{"loc":{"start":{"line":81,"column":4},"end":{"line":84,"column":5}},"type":"if","locations":[{"start":{"line":81,"column":4},"end":{"line":84,"column":5}}]},"14":{"loc":{"start":{"line":93,"column":4},"end":{"line":96,"column":5}},"type":"if","locations":[{"start":{"line":93,"column":4},"end":{"line":96,"column":5}}]},"15":{"loc":{"start":{"line":98,"column":4},"end":{"line":101,"column":5}},"type":"if","locations":[{"start":{"line":98,"column":4},"end":{"line":101,"column":5}}]},"16":{"loc":{"start":{"line":110,"column":4},"end":{"line":113,"column":5}},"type":"if","locations":[{"start":{"line":110,"column":4},"end":{"line":113,"column":5}}]},"17":{"loc":{"start":{"line":119,"column":4},"end":{"line":121,"column":5}},"type":"if","locations":[{"start":{"line":119,"column":4},"end":{"line":121,"column":5}}]},"18":{"loc":{"start":{"line":119,"column":8},"end":{"line":119,"column":35}},"type":"binary-expr","locations":[{"start":{"line":119,"column":8},"end":{"line":119,"column":13}},{"start":{"line":119,"column":17},"end":{"line":119,"column":35}}]}},"s":{"0":3,"1":3,"2":3,"3":3,"4":3,"5":3,"6":3,"7":3,"8":8,"9":2,"10":6,"11":1,"12":5,"13":5,"14":5,"15":2,"16":3,"17":3,"18":3,"19":1,"20":1,"21":1,"22":1,"23":1,"24":1,"25":0,"26":3,"27":4,"28":4,"29":3,"30":1,"31":5,"32":5,"33":4,"34":1,"35":4,"36":4,"37":2,"38":2,"39":1,"40":1,"41":5,"42":5,"43":2,"44":3,"45":0,"46":3,"47":0,"48":0,"49":0,"50":0,"51":2,"52":1,"53":1,"54":3},"f":{"0":8,"1":5,"2":4,"3":5,"4":4,"5":5,"6":0,"7":2},"b":{"0":[2],"1":[8,7],"2":[1],"3":[2],"4":[5,3],"5":[1,1,1,0],"6":[3,0],"7":[3,3],"8":[3],"9":[4,4],"10":[4],"11":[5,5],"12":[2],"13":[1],"14":[2],"15":[0],"16":[0],"17":[1],"18":[2,2]}}
,"C:\\projetos\\conversu\\libraries\\commons\\src\\functions.ts": {"path":"C:\\projetos\\conversu\\libraries\\commons\\src\\functions.ts","statementMap":{"0":{"start":{"line":8,"column":2},"end":{"line":8,"column":18}},"1":{"start":{"line":14,"column":2},"end":{"line":14,"column":18}},"2":{"start":{"line":25,"column":2},"end":{"line":25,"column":18}},"3":{"start":{"line":39,"column":0},"end":{"line":39,"column":16}},"4":{"start":{"line":1,"column":0},"end":{"line":1,"column":36}},"5":{"start":{"line":3,"column":21},"end":{"line":4,"column":null}},"6":{"start":{"line":3,"column":42},"end":{"line":4,"column":null}},"7":{"start":{"line":4,"column":15},"end":{"line":4,"column":50}},"8":{"start":{"line":3,"column":13},"end":{"line":3,"column":21}},"9":{"start":{"line":10,"column":4},"end":{"line":10,"column":20}},"10":{"start":{"line":15,"column":25},"end":{"line":15,"column":27}},"11":{"start":{"line":16,"column":4},"end":{"line":18,"column":5}},"12":{"start":{"line":16,"column":17},"end":{"line":16,"column":23}},"13":{"start":{"line":17,"column":6},"end":{"line":17,"column":19}},"14":{"start":{"line":20,"column":4},"end":{"line":20,"column":16}},"15":{"start":{"line":26,"column":1},"end":{"line":28,"column":2}},"16":{"start":{"line":27,"column":2},"end":{"line":27,"column":11}},"17":{"start":{"line":30,"column":1},"end":{"line":32,"column":2}},"18":{"start":{"line":31,"column":2},"end":{"line":31,"column":27}},"19":{"start":{"line":34,"column":16},"end":{"line":34,"column":38}},"20":{"start":{"line":36,"column":1},"end":{"line":36,"column":44}},"21":{"start":{"line":41,"column":23},"end":{"line":41,"column":43}},"22":{"start":{"line":44,"column":20},"end":{"line":44,"column":65}},"23":{"start":{"line":46,"column":1},"end":{"line":46,"column":19}}},"fnMap":{"0":{"name":"(anonymous_0)","decl":{"start":{"line":3,"column":21},"end":{"line":3,"column":22}},"loc":{"start":{"line":3,"column":42},"end":{"line":4,"column":null}}},"1":{"name":"(anonymous_1)","decl":{"start":{"line":4,"column":4},"end":{"line":4,"column":11}},"loc":{"start":{"line":4,"column":15},"end":{"line":4,"column":50}}},"2":{"name":"generateKey","decl":{"start":{"line":8,"column":18},"end":{"line":8,"column":29}},"loc":{"start":{"line":8,"column":29},"end":{"line":11,"column":3}}},"3":{"name":"range","decl":{"start":{"line":14,"column":18},"end":{"line":14,"column":23}},"loc":{"start":{"line":14,"column":55},"end":{"line":21,"column":3}}},"4":{"name":"round","decl":{"start":{"line":25,"column":18},"end":{"line":25,"column":23}},"loc":{"start":{"line":25,"column":55},"end":{"line":37,"column":1}}},"5":{"name":"removeSpecialCharacters","decl":{"start":{"line":39,"column":16},"end":{"line":39,"column":39}},"loc":{"start":{"line":39,"column":51},"end":{"line":47,"column":1}}}},"branchMap":{"0":{"loc":{"start":{"line":26,"column":1},"end":{"line":28,"column":2}},"type":"if","locations":[{"start":{"line":26,"column":1},"end":{"line":28,"column":2}}]},"1":{"loc":{"start":{"line":30,"column":1},"end":{"line":32,"column":2}},"type":"if","locations":[{"start":{"line":30,"column":1},"end":{"line":32,"column":2}}]}},"s":{"0":2,"1":2,"2":2,"3":2,"4":2,"5":2,"6":1,"7":1,"8":2,"9":1,"10":2,"11":2,"12":2,"13":5,"14":2,"15":5,"16":2,"17":3,"18":1,"19":2,"20":2,"21":3,"22":3,"23":3},"f":{"0":1,"1":1,"2":1,"3":2,"4":5,"5":3},"b":{"0":[2],"1":[1]}}
,"C:\\projetos\\conversu\\libraries\\commons\\src\\index.ts": {"path":"C:\\projetos\\conversu\\libraries\\commons\\src\\index.ts","statementMap":{"0":{"start":{"line":1,"column":0},"end":{"line":1,"column":29}},"1":{"start":{"line":11,"column":4},"end":{"line":11,"column":7}},"2":{"start":{"line":2,"column":0},"end":{"line":2,"column":35}},"3":{"start":{"line":12,"column":4},"end":{"line":12,"column":10}},"4":{"start":{"line":3,"column":0},"end":{"line":3,"column":38}},"5":{"start":{"line":13,"column":4},"end":{"line":13,"column":15}},"6":{"start":{"line":4,"column":0},"end":{"line":4,"column":31}},"7":{"start":{"line":15,"column":4},"end":{"line":15,"column":8}},"8":{"start":{"line":5,"column":0},"end":{"line":5,"column":41}},"9":{"start":{"line":14,"column":4},"end":{"line":14,"column":12}},"10":{"start":{"line":7,"column":0},"end":{"line":7,"column":28}},"11":{"start":{"line":8,"column":0},"end":{"line":8,"column":22}},"12":{"start":{"line":9,"column":0},"end":{"line":9,"column":28}}},"fnMap":{},"branchMap":{},"s":{"0":1,"1":1,"2":1,"3":1,"4":1,"5":1,"6":1,"7":1,"8":1,"9":1,"10":1,"11":1,"12":1},"f":{},"b":{}}
,"C:\\projetos\\conversu\\libraries\\commons\\src\\json.ts": {"path":"C:\\projetos\\conversu\\libraries\\commons\\src\\json.ts","statementMap":{"0":{"start":{"line":1,"column":0},"end":{"line":1,"column":16}},"1":{"start":{"line":21,"column":0},"end":{"line":21,"column":16}},"2":{"start":{"line":38,"column":0},"end":{"line":38,"column":16}},"3":{"start":{"line":65,"column":0},"end":{"line":65,"column":16}},"4":{"start":{"line":2,"column":1},"end":{"line":4,"column":2}},"5":{"start":{"line":3,"column":2},"end":{"line":3,"column":14}},"6":{"start":{"line":6,"column":1},"end":{"line":12,"column":2}},"7":{"start":{"line":7,"column":2},"end":{"line":11,"column":3}},"8":{"start":{"line":8,"column":3},"end":{"line":8,"column":26}},"9":{"start":{"line":10,"column":3},"end":{"line":10,"column":15}},"10":{"start":{"line":14,"column":1},"end":{"line":16,"column":2}},"11":{"start":{"line":15,"column":2},"end":{"line":15,"column":13}},"12":{"start":{"line":18,"column":1},"end":{"line":18,"column":13}},"13":{"start":{"line":22,"column":1},"end":{"line":24,"column":2}},"14":{"start":{"line":23,"column":2},"end":{"line":23,"column":14}},"15":{"start":{"line":26,"column":1},"end":{"line":34,"column":2}},"16":{"start":{"line":27,"column":2},"end":{"line":27,"column":13}},"17":{"start":{"line":29,"column":2},"end":{"line":33,"column":3}},"18":{"start":{"line":30,"column":3},"end":{"line":30,"column":30}},"19":{"start":{"line":32,"column":3},"end":{"line":32,"column":15}},"20":{"start":{"line":42,"column":15},"end":{"line":42,"column":18}},"21":{"start":{"line":44,"column":1},"end":{"line":46,"column":2}},"22":{"start":{"line":45,"column":2},"end":{"line":45,"column":17}},"23":{"start":{"line":48,"column":1},"end":{"line":50,"column":2}},"24":{"start":{"line":49,"column":2},"end":{"line":49,"column":15}},"25":{"start":{"line":52,"column":1},"end":{"line":58,"column":2}},"26":{"start":{"line":53,"column":2},"end":{"line":57,"column":3}},"27":{"start":{"line":54,"column":3},"end":{"line":54,"column":29}},"28":{"start":{"line":56,"column":3},"end":{"line":56,"column":14}},"29":{"start":{"line":60,"column":1},"end":{"line":60,"column":50}},"30":{"start":{"line":62,"column":1},"end":{"line":62,"column":16}},"31":{"start":{"line":66,"column":16},"end":{"line":66,"column":26}},"32":{"start":{"line":67,"column":1},"end":{"line":69,"column":2}},"33":{"start":{"line":68,"column":2},"end":{"line":68,"column":18}},"34":{"start":{"line":70,"column":16},"end":{"line":70,"column":18}},"35":{"start":{"line":71,"column":1},"end":{"line":73,"column":null}},"36":{"start":{"line":71,"column":37},"end":{"line":71,"column":56}},"37":{"start":{"line":72,"column":2},"end":{"line":72,"column":30}},"38":{"start":{"line":74,"column":1},"end":{"line":74,"column":15}}},"fnMap":{"0":{"name":"parse","decl":{"start":{"line":1,"column":16},"end":{"line":1,"column":21}},"loc":{"start":{"line":1,"column":56},"end":{"line":19,"column":1}}},"1":{"name":"stringify","decl":{"start":{"line":21,"column":16},"end":{"line":21,"column":25}},"loc":{"start":{"line":21,"column":65},"end":{"line":36,"column":1}}},"2":{"name":"update","decl":{"start":{"line":38,"column":16},"end":{"line":38,"column":22}},"loc":{"start":{"line":40,"column":21},"end":{"line":63,"column":1}}},"3":{"name":"removeKey","decl":{"start":{"line":65,"column":16},"end":{"line":65,"column":25}},"loc":{"start":{"line":65,"column":86},"end":{"line":75,"column":1}}},"4":{"name":"(anonymous_4)","decl":{"start":{"line":71,"column":30},"end":{"line":71,"column":33}},"loc":{"start":{"line":71,"column":37},"end":{"line":71,"column":56}}},"5":{"name":"(anonymous_5)","decl":{"start":{"line":71,"column":66},"end":{"line":71,"column":69}},"loc":{"start":{"line":71,"column":72},"end":{"line":73,"column":2}}}},"branchMap":{"0":{"loc":{"start":{"line":2,"column":1},"end":{"line":4,"column":2}},"type":"if","locations":[{"start":{"line":2,"column":1},"end":{"line":4,"column":2}}]},"1":{"loc":{"start":{"line":6,"column":1},"end":{"line":12,"column":2}},"type":"if","locations":[{"start":{"line":6,"column":1},"end":{"line":12,"column":2}}]},"2":{"loc":{"start":{"line":14,"column":1},"end":{"line":16,"column":2}},"type":"if","locations":[{"start":{"line":14,"column":1},"end":{"line":16,"column":2}}]},"3":{"loc":{"start":{"line":22,"column":1},"end":{"line":24,"column":2}},"type":"if","locations":[{"start":{"line":22,"column":1},"end":{"line":24,"column":2}}]},"4":{"loc":{"start":{"line":26,"column":1},"end":{"line":34,"column":2}},"type":"if","locations":[{"start":{"line":26,"column":1},"end":{"line":34,"column":2}},{"start":{"line":28,"column":8},"end":{"line":34,"column":2}}]},"5":{"loc":{"start":{"line":44,"column":1},"end":{"line":46,"column":2}},"type":"if","locations":[{"start":{"line":44,"column":1},"end":{"line":46,"column":2}}]},"6":{"loc":{"start":{"line":48,"column":1},"end":{"line":50,"column":2}},"type":"if","locations":[{"start":{"line":48,"column":1},"end":{"line":50,"column":2}}]},"7":{"loc":{"start":{"line":52,"column":1},"end":{"line":58,"column":2}},"type":"if","locations":[{"start":{"line":52,"column":1},"end":{"line":58,"column":2}}]},"8":{"loc":{"start":{"line":67,"column":1},"end":{"line":69,"column":2}},"type":"if","locations":[{"start":{"line":67,"column":1},"end":{"line":69,"column":2}}]}},"s":{"0":2,"1":2,"2":2,"3":2,"4":10,"5":4,"6":6,"7":3,"8":3,"9":1,"10":3,"11":3,"12":0,"13":5,"14":2,"15":3,"16":1,"17":2,"18":2,"19":1,"20":5,"21":5,"22":1,"23":4,"24":1,"25":4,"26":2,"27":2,"28":1,"29":3,"30":3,"31":5,"32":5,"33":2,"34":3,"35":3,"36":8,"37":6,"38":3},"f":{"0":10,"1":5,"2":5,"3":5,"4":8,"5":6},"b":{"0":[4],"1":[3],"2":[3],"3":[2],"4":[1,2],"5":[1],"6":[1],"7":[2],"8":[2]}}
,"C:\\projetos\\conversu\\libraries\\commons\\src\\mask.ts": {"path":"C:\\projetos\\conversu\\libraries\\commons\\src\\mask.ts","statementMap":{"0":{"start":{"line":6,"column":0},"end":{"line":6,"column":16}},"1":{"start":{"line":25,"column":0},"end":{"line":25,"column":16}},"2":{"start":{"line":37,"column":0},"end":{"line":37,"column":16}},"3":{"start":{"line":52,"column":0},"end":{"line":52,"column":16}},"4":{"start":{"line":60,"column":0},"end":{"line":60,"column":16}},"5":{"start":{"line":68,"column":0},"end":{"line":68,"column":16}},"6":{"start":{"line":2,"column":0},"end":{"line":2,"column":51}},"7":{"start":{"line":3,"column":0},"end":{"line":3,"column":48}},"8":{"start":{"line":8,"column":15},"end":{"line":8,"column":32}},"9":{"start":{"line":9,"column":23},"end":{"line":9,"column":47}},"10":{"start":{"line":11,"column":4},"end":{"line":14,"column":5}},"11":{"start":{"line":13,"column":8},"end":{"line":13,"column":20}},"12":{"start":{"line":16,"column":4},"end":{"line":19,"column":5}},"13":{"start":{"line":18,"column":8},"end":{"line":18,"column":null}},"14":{"start":{"line":21,"column":4},"end":{"line":21,"column":null}},"15":{"start":{"line":27,"column":23},"end":{"line":27,"column":47}},"16":{"start":{"line":29,"column":4},"end":{"line":31,"column":5}},"17":{"start":{"line":30,"column":8},"end":{"line":30,"column":31}},"18":{"start":{"line":33,"column":4},"end":{"line":33,"column":28}},"19":{"start":{"line":39,"column":16},"end":{"line":39,"column":37}},"20":{"start":{"line":41,"column":4},"end":{"line":41,"column":null}},"21":{"start":{"line":43,"column":4},"end":{"line":47,"column":5}},"22":{"start":{"line":44,"column":31},"end":{"line":44,"column":47}},"23":{"start":{"line":46,"column":8},"end":{"line":46,"column":79}},"24":{"start":{"line":49,"column":4},"end":{"line":49,"column":17}},"25":{"start":{"line":53,"column":4},"end":{"line":55,"column":5}},"26":{"start":{"line":54,"column":8},"end":{"line":54,"column":93}},"27":{"start":{"line":57,"column":4},"end":{"line":57,"column":17}},"28":{"start":{"line":61,"column":4},"end":{"line":63,"column":5}},"29":{"start":{"line":62,"column":8},"end":{"line":62,"column":134}},"30":{"start":{"line":65,"column":4},"end":{"line":65,"column":17}},"31":{"start":{"line":69,"column":4},"end":{"line":71,"column":5}},"32":{"start":{"line":70,"column":8},"end":{"line":70,"column":88}},"33":{"start":{"line":73,"column":4},"end":{"line":73,"column":17}}},"fnMap":{"0":{"name":"DocumentPattern","decl":{"start":{"line":6,"column":16},"end":{"line":6,"column":31}},"loc":{"start":{"line":6,"column":45},"end":{"line":22,"column":1}}},"1":{"name":"Document","decl":{"start":{"line":25,"column":16},"end":{"line":25,"column":24}},"loc":{"start":{"line":25,"column":38},"end":{"line":34,"column":1}}},"2":{"name":"Phone","decl":{"start":{"line":37,"column":16},"end":{"line":37,"column":21}},"loc":{"start":{"line":37,"column":35},"end":{"line":50,"column":1}}},"3":{"name":"Cpf","decl":{"start":{"line":52,"column":16},"end":{"line":52,"column":19}},"loc":{"start":{"line":52,"column":33},"end":{"line":58,"column":1}}},"4":{"name":"Cnpj","decl":{"start":{"line":60,"column":16},"end":{"line":60,"column":20}},"loc":{"start":{"line":60,"column":34},"end":{"line":66,"column":1}}},"5":{"name":"Cep","decl":{"start":{"line":68,"column":16},"end":{"line":68,"column":19}},"loc":{"start":{"line":68,"column":33},"end":{"line":74,"column":1}}}},"branchMap":{"0":{"loc":{"start":{"line":11,"column":4},"end":{"line":14,"column":5}},"type":"if","locations":[{"start":{"line":11,"column":4},"end":{"line":14,"column":5}}]},"1":{"loc":{"start":{"line":16,"column":4},"end":{"line":19,"column":5}},"type":"if","locations":[{"start":{"line":16,"column":4},"end":{"line":19,"column":5}}]},"2":{"loc":{"start":{"line":29,"column":4},"end":{"line":31,"column":5}},"type":"if","locations":[{"start":{"line":29,"column":4},"end":{"line":31,"column":5}}]},"3":{"loc":{"start":{"line":43,"column":4},"end":{"line":47,"column":5}},"type":"if","locations":[{"start":{"line":43,"column":4},"end":{"line":47,"column":5}}]},"4":{"loc":{"start":{"line":43,"column":8},"end":{"line":43,"column":36}},"type":"binary-expr","locations":[{"start":{"line":43,"column":8},"end":{"line":43,"column":13}},{"start":{"line":43,"column":17},"end":{"line":43,"column":36}}]},"5":{"loc":{"start":{"line":53,"column":4},"end":{"line":55,"column":5}},"type":"if","locations":[{"start":{"line":53,"column":4},"end":{"line":55,"column":5}}]},"6":{"loc":{"start":{"line":53,"column":8},"end":{"line":53,"column":38}},"type":"binary-expr","locations":[{"start":{"line":53,"column":8},"end":{"line":53,"column":15}},{"start":{"line":53,"column":19},"end":{"line":53,"column":38}}]},"7":{"loc":{"start":{"line":61,"column":4},"end":{"line":63,"column":5}},"type":"if","locations":[{"start":{"line":61,"column":4},"end":{"line":63,"column":5}}]},"8":{"loc":{"start":{"line":61,"column":8},"end":{"line":61,"column":38}},"type":"binary-expr","locations":[{"start":{"line":61,"column":8},"end":{"line":61,"column":15}},{"start":{"line":61,"column":19},"end":{"line":61,"column":38}}]},"9":{"loc":{"start":{"line":69,"column":4},"end":{"line":71,"column":5}},"type":"if","locations":[{"start":{"line":69,"column":4},"end":{"line":71,"column":5}}]},"10":{"loc":{"start":{"line":69,"column":8},"end":{"line":69,"column":37}},"type":"binary-expr","locations":[{"start":{"line":69,"column":8},"end":{"line":69,"column":15}},{"start":{"line":69,"column":19},"end":{"line":69,"column":37}}]}},"s":{"0":2,"1":2,"2":2,"3":2,"4":2,"5":2,"6":2,"7":2,"8":3,"9":3,"10":3,"11":1,"12":2,"13":1,"14":2,"15":2,"16":2,"17":1,"18":1,"19":2,"20":2,"21":2,"22":1,"23":1,"24":1,"25":3,"26":2,"27":1,"28":3,"29":2,"30":1,"31":2,"32":1,"33":1},"f":{"0":3,"1":2,"2":2,"3":3,"4":3,"5":2},"b":{"0":[1],"1":[1],"2":[1],"3":[1],"4":[2,1],"5":[2],"6":[3,3],"7":[2],"8":[3,3],"9":[1],"10":[2,2]}}
,"C:\\projetos\\conversu\\libraries\\commons\\src\\normalize.ts": {"path":"C:\\projetos\\conversu\\libraries\\commons\\src\\normalize.ts","statementMap":{"0":{"start":{"line":3,"column":0},"end":{"line":3,"column":16}},"1":{"start":{"line":5,"column":2},"end":{"line":8,"column":3}},"2":{"start":{"line":7,"column":4},"end":{"line":7,"column":16}},"3":{"start":{"line":10,"column":15},"end":{"line":10,"column":20}},"4":{"start":{"line":11,"column":2},"end":{"line":11,"column":52}},"5":{"start":{"line":14,"column":13},"end":{"line":14,"column":53}}},"fnMap":{"0":{"name":"normalizeTextNumber","decl":{"start":{"line":3,"column":16},"end":{"line":3,"column":35}},"loc":{"start":{"line":3,"column":57},"end":{"line":12,"column":1}}}},"branchMap":{"0":{"loc":{"start":{"line":5,"column":2},"end":{"line":8,"column":3}},"type":"if","locations":[{"start":{"line":5,"column":2},"end":{"line":8,"column":3}}]}},"s":{"0":5,"1":31,"2":3,"3":28,"4":28,"5":5},"f":{"0":31},"b":{"0":[3]}}
,"C:\\projetos\\conversu\\libraries\\commons\\src\\validation.ts": {"path":"C:\\projetos\\conversu\\libraries\\commons\\src\\validation.ts","statementMap":{"0":{"start":{"line":5,"column":0},"end":{"line":5,"column":16}},"1":{"start":{"line":15,"column":0},"end":{"line":15,"column":16}},"2":{"start":{"line":25,"column":0},"end":{"line":25,"column":16}},"3":{"start":{"line":49,"column":0},"end":{"line":49,"column":16}},"4":{"start":{"line":57,"column":0},"end":{"line":57,"column":7}},"5":{"start":{"line":83,"column":0},"end":{"line":83,"column":16}},"6":{"start":{"line":1,"column":0},"end":{"line":1,"column":81}},"7":{"start":{"line":2,"column":0},"end":{"line":2,"column":50}},"8":{"start":{"line":7,"column":2},"end":{"line":11,"column":3}},"9":{"start":{"line":9,"column":22},"end":{"line":9,"column":46}},"10":{"start":{"line":10,"column":4},"end":{"line":10,"column":43}},"11":{"start":{"line":12,"column":2},"end":{"line":12,"column":15}},"12":{"start":{"line":17,"column":2},"end":{"line":21,"column":3}},"13":{"start":{"line":19,"column":23},"end":{"line":19,"column":78}},"14":{"start":{"line":20,"column":4},"end":{"line":20,"column":45}},"15":{"start":{"line":22,"column":2},"end":{"line":22,"column":15}},"16":{"start":{"line":27,"column":21},"end":{"line":27,"column":50}},"17":{"start":{"line":30,"column":2},"end":{"line":33,"column":3}},"18":{"start":{"line":32,"column":4},"end":{"line":32,"column":null}},"19":{"start":{"line":35,"column":2},"end":{"line":38,"column":3}},"20":{"start":{"line":37,"column":4},"end":{"line":37,"column":27}},"21":{"start":{"line":40,"column":2},"end":{"line":43,"column":3}},"22":{"start":{"line":42,"column":4},"end":{"line":42,"column":28}},"23":{"start":{"line":45,"column":2},"end":{"line":45,"column":15}},"24":{"start":{"line":50,"column":20},"end":{"line":50,"column":32}},"25":{"start":{"line":51,"column":2},"end":{"line":53,"column":3}},"26":{"start":{"line":52,"column":4},"end":{"line":52,"column":17}},"27":{"start":{"line":54,"column":2},"end":{"line":54,"column":14}},"28":{"start":{"line":58,"column":2},"end":{"line":60,"column":3}},"29":{"start":{"line":59,"column":4},"end":{"line":59,"column":16}},"30":{"start":{"line":62,"column":20},"end":{"line":62,"column":32}},"31":{"start":{"line":63,"column":2},"end":{"line":65,"column":3}},"32":{"start":{"line":64,"column":4},"end":{"line":64,"column":17}},"33":{"start":{"line":67,"column":2},"end":{"line":79,"column":3}},"34":{"start":{"line":68,"column":21},"end":{"line":74,"column":6}},"35":{"start":{"line":76,"column":4},"end":{"line":76,"column":35}},"36":{"start":{"line":78,"column":4},"end":{"line":78,"column":17}},"37":{"start":{"line":85,"column":29},"end":{"line":85,"column":59}},"38":{"start":{"line":88,"column":2},"end":{"line":90,"column":3}},"39":{"start":{"line":89,"column":4},"end":{"line":89,"column":17}},"40":{"start":{"line":93,"column":25},"end":{"line":100,"column":27}},"41":{"start":{"line":101,"column":19},"end":{"line":101,"column":50}},"42":{"start":{"line":102,"column":2},"end":{"line":104,"column":3}},"43":{"start":{"line":103,"column":4},"end":{"line":103,"column":17}},"44":{"start":{"line":107,"column":35},"end":{"line":107,"column":55}},"45":{"start":{"line":108,"column":2},"end":{"line":110,"column":3}},"46":{"start":{"line":109,"column":4},"end":{"line":109,"column":17}},"47":{"start":{"line":113,"column":2},"end":{"line":113,"column":14}}},"fnMap":{"0":{"name":"Cpf","decl":{"start":{"line":5,"column":16},"end":{"line":5,"column":19}},"loc":{"start":{"line":5,"column":50},"end":{"line":13,"column":1}}},"1":{"name":"Cnpj","decl":{"start":{"line":15,"column":16},"end":{"line":15,"column":20}},"loc":{"start":{"line":15,"column":45},"end":{"line":23,"column":1}}},"2":{"name":"Document","decl":{"start":{"line":25,"column":16},"end":{"line":25,"column":24}},"loc":{"start":{"line":25,"column":60},"end":{"line":46,"column":1}}},"3":{"name":"EndpointProtocol","decl":{"start":{"line":49,"column":16},"end":{"line":49,"column":32}},"loc":{"start":{"line":49,"column":44},"end":{"line":55,"column":1}}},"4":{"name":"Endpoint","decl":{"start":{"line":57,"column":22},"end":{"line":57,"column":30}},"loc":{"start":{"line":57,"column":66},"end":{"line":80,"column":1}}},"5":{"name":"Phone","decl":{"start":{"line":83,"column":16},"end":{"line":83,"column":21}},"loc":{"start":{"line":83,"column":41},"end":{"line":114,"column":1}}}},"branchMap":{"0":{"loc":{"start":{"line":7,"column":2},"end":{"line":11,"column":3}},"type":"if","locations":[{"start":{"line":7,"column":2},"end":{"line":11,"column":3}}]},"1":{"loc":{"start":{"line":17,"column":2},"end":{"line":21,"column":3}},"type":"if","locations":[{"start":{"line":17,"column":2},"end":{"line":21,"column":3}}]},"2":{"loc":{"start":{"line":30,"column":2},"end":{"line":33,"column":3}},"type":"if","locations":[{"start":{"line":30,"column":2},"end":{"line":33,"column":3}}]},"3":{"loc":{"start":{"line":35,"column":2},"end":{"line":38,"column":3}},"type":"if","locations":[{"start":{"line":35,"column":2},"end":{"line":38,"column":3}}]},"4":{"loc":{"start":{"line":40,"column":2},"end":{"line":43,"column":3}},"type":"if","locations":[{"start":{"line":40,"column":2},"end":{"line":43,"column":3}}]},"5":{"loc":{"start":{"line":51,"column":2},"end":{"line":53,"column":3}},"type":"if","locations":[{"start":{"line":51,"column":2},"end":{"line":53,"column":3}}]},"6":{"loc":{"start":{"line":58,"column":2},"end":{"line":60,"column":3}},"type":"if","locations":[{"start":{"line":58,"column":2},"end":{"line":60,"column":3}}]},"7":{"loc":{"start":{"line":63,"column":2},"end":{"line":65,"column":3}},"type":"if","locations":[{"start":{"line":63,"column":2},"end":{"line":65,"column":3}}]},"8":{"loc":{"start":{"line":88,"column":2},"end":{"line":90,"column":3}},"type":"if","locations":[{"start":{"line":88,"column":2},"end":{"line":90,"column":3}}]},"9":{"loc":{"start":{"line":88,"column":6},"end":{"line":88,"column":74}},"type":"binary-expr","locations":[{"start":{"line":88,"column":6},"end":{"line":88,"column":38}},{"start":{"line":88,"column":42},"end":{"line":88,"column":74}}]},"10":{"loc":{"start":{"line":102,"column":2},"end":{"line":104,"column":3}},"type":"if","locations":[{"start":{"line":102,"column":2},"end":{"line":104,"column":3}}]},"11":{"loc":{"start":{"line":108,"column":2},"end":{"line":110,"column":3}},"type":"if","locations":[{"start":{"line":108,"column":2},"end":{"line":110,"column":3}}]},"12":{"loc":{"start":{"line":108,"column":6},"end":{"line":108,"column":99}},"type":"binary-expr","locations":[{"start":{"line":108,"column":6},"end":{"line":108,"column":38}},{"start":{"line":108,"column":42},"end":{"line":108,"column":99}}]}},"s":{"0":2,"1":2,"2":2,"3":2,"4":2,"5":2,"6":2,"7":2,"8":5,"9":4,"10":4,"11":1,"12":5,"13":4,"14":4,"15":1,"16":3,"17":3,"18":0,"19":3,"20":1,"21":2,"22":1,"23":1,"24":2,"25":2,"26":1,"27":1,"28":3,"29":0,"30":3,"31":3,"32":1,"33":2,"34":2,"35":2,"36":0,"37":3,"38":3,"39":1,"40":2,"41":2,"42":2,"43":1,"44":1,"45":1,"46":0,"47":1},"f":{"0":5,"1":5,"2":3,"3":2,"4":3,"5":3},"b":{"0":[4],"1":[4],"2":[0],"3":[1],"4":[1],"5":[1],"6":[0],"7":[1],"8":[1],"9":[3,3],"10":[1],"11":[0],"12":[1,1]}}
}
